<?xml version="1.0" encoding="UTF-8"?>
<testsuite name="tasks.week1.ArmyBattle.ArmyBattleTest" tests="1" skipped="0" failures="0" errors="0" timestamp="2024-02-07T17:45:20" hostname="JAMIRO" time="0.046">
  <properties/>
  <testcase name="army1 should win army2()" classname="tasks.week1.ArmyBattle.ArmyBattleTest" time="0.046"/>
  <system-out><![CDATA[]]></system-out>
  <system-err><![CDATA[]]></system-err>
</testsuite>
