<?xml version="1.0" encoding="UTF-8"?>
<testsuite name="tasks.week1.ArmyBattle.ArmyBattleTest" tests="23" skipped="0" failures="0" errors="0" timestamp="2024-02-07T12:42:22" hostname="JAMIRO" time="0.159">
  <properties/>
  <testcase name="Zeus(Orc) against goodKiller(Dwarf) wins goodKiller()" classname="tasks.week1.ArmyBattle.ArmyBattleTest" time="0.062"/>
  <testcase name="Orc must damage Dwarf()" classname="tasks.week1.ArmyBattle.ArmyBattleTest" time="0.001"/>
  <testcase name="Army1 should win after change trooper and fight()" classname="tasks.week1.ArmyBattle.ArmyBattleTest" time="0.004"/>
  <testcase name="Army 1 should win against army2()" classname="tasks.week1.ArmyBattle.ArmyBattleTest" time="0.003"/>
  <testcase name="ramon(Dwarf) must win against slevin(Orc)()" classname="tasks.week1.ArmyBattle.ArmyBattleTest" time="0.002"/>
  <testcase name="dragon(Dwarf) against knight(orc)()" classname="tasks.week1.ArmyBattle.ArmyBattleTest" time="0.002"/>
  <testcase name="Army 1 should win 11 army dwarfs ()" classname="tasks.week1.ArmyBattle.ArmyBattleTest" time="0.002"/>
  <testcase name="Army 1 should win 10 army dwarfs ()" classname="tasks.week1.ArmyBattle.ArmyBattleTest" time="0.004"/>
  <testcase name="Army 1 should win after change units and fight against army 2()" classname="tasks.week1.ArmyBattle.ArmyBattleTest" time="0.004"/>
  <testcase name="Function must return true if army1 (dwarfs) win()" classname="tasks.week1.ArmyBattle.ArmyBattleTest" time="0.001"/>
  <testcase name="Army 1 should be defeated()" classname="tasks.week1.ArmyBattle.ArmyBattleTest" time="0.003"/>
  <testcase name="Army 1 should win 11 changing units()" classname="tasks.week1.ArmyBattle.ArmyBattleTest" time="0.003"/>
  <testcase name="army1 should be destroyed by army2()" classname="tasks.week1.ArmyBattle.ArmyBattleTest" time="0.002"/>
  <testcase name="Dwarf must damage Orc()" classname="tasks.week1.ArmyBattle.ArmyBattleTest" time="0.001"/>
  <testcase name="Carl must lose against Jim (Dwarf)()" classname="tasks.week1.ArmyBattle.ArmyBattleTest" time="0.005"/>
  <testcase name="husband(Dwarf) against wife(Dwarf), wife's win()" classname="tasks.week1.ArmyBattle.ArmyBattleTest" time="0.005"/>
  <testcase name="Army 1 should be defeated against army2()" classname="tasks.week1.ArmyBattle.ArmyBattleTest" time="0.004"/>
  <testcase name="unit 1 should win to unit3 after fight uni2 ()" classname="tasks.week1.ArmyBattle.ArmyBattleTest" time="0.01"/>
  <testcase name="Fight function must return false if army2 win()" classname="tasks.week1.ArmyBattle.ArmyBattleTest" time="0.005"/>
  <testcase name="Unit1(Defender) against Unit2(Rockie) after fight unit1 health should be 60 ()" classname="tasks.week1.ArmyBattle.ArmyBattleTest" time="0.004"/>
  <testcase name="bob(dwarf) against mars(dwarf)()" classname="tasks.week1.ArmyBattle.ArmyBattleTest" time="0.002"/>
  <testcase name="Unit1(Dwarf) against unit2(Orc) against unit3(dwarf)()" classname="tasks.week1.ArmyBattle.ArmyBattleTest" time="0.004"/>
  <testcase name="army1 should be defeated against army2()" classname="tasks.week1.ArmyBattle.ArmyBattleTest" time="0.004"/>
  <system-out><![CDATA[]]></system-out>
  <system-err><![CDATA[]]></system-err>
</testsuite>
