<?xml version="1.0" encoding="UTF-8"?>
<testsuite name="tasks.week1.ArmyBattle.ArmyBattleTest" tests="1" skipped="0" failures="0" errors="0" timestamp="2024-02-22T18:48:39" hostname="JAMIRO" time="0.053">
  <properties/>
  <testcase name="Army1 should be defeated against Army2()" classname="tasks.week1.ArmyBattle.ArmyBattleTest" time="0.053"/>
  <system-out><![CDATA[]]></system-out>
  <system-err><![CDATA[]]></system-err>
</testsuite>
